21:57:29 [ghv3_1.spacing_estimator] DEBUG: MUSIC collect: pair (2,1) now 1/35 snapshots
21:57:29 [ghv3_1.spacing_estimator] DEBUG: MUSIC collect: pair (2,1) now 2/35 snapshots
21:57:29 [ghv3_1.spacing_estimator] DEBUG: MUSIC collect: pair (2,1) now 3/35 snapshots
21:57:29 [ghv3_1.spacing_estimator] DEBUG: MUSIC collect: pair (2,1) now 4/35 snapshots
21:57:29 [ghv3_1.spacing_estimator] DEBUG: MUSIC collect: pair (2,1) now 5/35 snapshots
21:57:29 [ghv3_1.spacing_estimator] DEBUG: MUSIC collect: pair (2,1) now 6/35 snapshots
21:57:29 [ghv3_1.spacing_estimator] DEBUG: MUSIC collect: pair (2,1) now 7/35 snapshots
21:57:29 [ghv3_1.spacing_estimator] DEBUG: MUSIC collect: pair (2,1) now 8/35 snapshots
21:57:29 [ghv3_1.spacing_estimator] DEBUG: MUSIC collect: pair (2,1) now 9/35 snapshots
21:57:29 [ghv3_1.spacing_estimator] DEBUG: MUSIC collect: pair (2,1) now 10/35 snapshots
21:57:29 [ghv3_1.spacing_estimator] DEBUG: MUSIC collect: pair (2,1) now 11/35 snapshots
21:57:29 [ghv3_1.spacing_estimator] DEBUG: MUSIC collect: pair (2,1) now 12/35 snapshots
21:57:29 [ghv3_1.spacing_estimator] DEBUG: MUSIC collect: pair (2,1) now 13/35 snapshots
21:57:29 [ghv3_1.spacing_estimator] DEBUG: MUSIC collect: pair (2,1) now 14/35 snapshots
21:57:29 [ghv3_1.spacing_estimator] DEBUG: MUSIC collect: pair (2,1) now 15/35 snapshots
21:57:29 [ghv3_1.spacing_estimator] DEBUG: MUSIC collect: pair (2,1) now 16/35 snapshots
21:57:29 [ghv3_1.spacing_estimator] DEBUG: MUSIC collect: pair (2,1) now 17/35 snapshots
21:57:29 [ghv3_1.spacing_estimator] DEBUG: MUSIC collect: pair (2,1) now 18/35 snapshots
21:57:29 [ghv3_1.spacing_estimator] DEBUG: MUSIC collect: pair (2,1) now 19/35 snapshots
21:57:29 [ghv3_1.spacing_estimator] DEBUG: MUSIC collect: pair (2,1) now 20/35 snapshots
21:57:29 [ghv3_1.spacing_estimator] DEBUG: MUSIC collect: pair (2,1) now 21/35 snapshots
21:57:29 [ghv3_1.spacing_estimator] DEBUG: MUSIC collect: pair (2,1) now 22/35 snapshots
21:57:29 [ghv3_1.spacing_estimator] DEBUG: MUSIC collect: pair (2,1) now 23/35 snapshots
21:57:29 [ghv3_1.spacing_estimator] DEBUG: MUSIC collect: pair (2,1) now 24/35 snapshots
21:57:29 [ghv3_1.spacing_estimator] DEBUG: MUSIC collect: pair (2,1) now 25/35 snapshots
21:57:29 [ghv3_1.spacing_estimator] DEBUG: MUSIC collect: pair (2,1) now 26/35 snapshots
21:57:30 [ghv3_1.spacing_estimator] DEBUG: MUSIC collect: pair (2,1) now 27/35 snapshots
21:57:30 [ghv3_1.spacing_estimator] DEBUG: MUSIC collect: pair (2,1) now 28/35 snapshots
21:57:30 [ghv3_1.spacing_estimator] DEBUG: MUSIC collect: pair (2,1) now 29/35 snapshots
21:57:30 [ghv3_1.spacing_estimator] DEBUG: MUSIC collect: pair (2,1) now 30/35 snapshots
21:57:30 [ghv3_1.spacing_estimator] DEBUG: MUSIC collect: pair (2,1) now 31/35 snapshots
21:57:30 [ghv3_1.spacing_estimator] DEBUG: MUSIC collect: pair (2,1) now 32/35 snapshots
21:57:30 [ghv3_1.spacing_estimator] DEBUG: MUSIC collect: pair (2,1) now 33/35 snapshots
21:57:30 [ghv3_1.spacing_estimator] DEBUG: MUSIC collect: pair (2,1) now 34/35 snapshots
21:57:30 [ghv3_1.spacing_estimator] DEBUG: MUSIC collect: pair (2,1) now 35/35 snapshots
21:57:31 [ghv3_1.spacing_estimator] DEBUG: MUSIC collect: pair (3,1) now 1/35 snapshots
21:57:31 [ghv3_1.spacing_estimator] DEBUG: MUSIC collect: pair (3,1) now 2/35 snapshots
21:57:31 [ghv3_1.spacing_estimator] DEBUG: MUSIC collect: pair (3,1) now 3/35 snapshots
21:57:31 [ghv3_1.spacing_estimator] DEBUG: MUSIC collect: pair (3,1) now 4/35 snapshots
21:57:31 [ghv3_1.spacing_estimator] DEBUG: MUSIC collect: pair (3,1) now 5/35 snapshots
21:57:31 [ghv3_1.spacing_estimator] DEBUG: MUSIC collect: pair (3,1) now 6/35 snapshots
21:57:31 [ghv3_1.spacing_estimator] INFO: Distance 1-3 source changed: none -> rssi (d=2.51 m)
21:57:31 [ghv3_1.spacing_estimator] INFO: Distance 2-3 source changed: none -> rssi (d=5.01 m)
21:57:31 [ghv3_1.spacing_estimator] DEBUG: MUSIC collect: pair (3,1) now 7/35 snapshots
21:57:31 [ghv3_1.spacing_estimator] DEBUG: MUSIC collect: pair (3,1) now 8/35 snapshots
21:57:31 [ghv3_1.spacing_estimator] DEBUG: MUSIC collect: pair (3,1) now 9/35 snapshots
21:57:31 [ghv3_1.spacing_estimator] DEBUG: MUSIC collect: pair (3,1) now 10/35 snapshots
21:57:31 [ghv3_1.spacing_estimator] DEBUG: MUSIC collect: pair (3,1) now 11/35 snapshots
21:57:31 [ghv3_1.spacing_estimator] DEBUG: MUSIC collect: pair (3,1) now 12/35 snapshots
21:57:31 [ghv3_1.spacing_estimator] DEBUG: MUSIC collect: pair (3,1) now 13/35 snapshots
21:57:31 [ghv3_1.spacing_estimator] DEBUG: MUSIC collect: pair (3,1) now 14/35 snapshots
21:57:31 [ghv3_1.spacing_estimator] DEBUG: MUSIC collect: pair (3,1) now 15/35 snapshots
21:57:31 [ghv3_1.spacing_estimator] DEBUG: MUSIC collect: pair (3,1) now 16/35 snapshots
21:57:31 [ghv3_1.spacing_estimator] DEBUG: MUSIC collect: pair (3,1) now 17/35 snapshots
21:57:31 [ghv3_1.spacing_estimator] DEBUG: MUSIC collect: pair (3,1) now 18/35 snapshots
21:57:31 [ghv3_1.spacing_estimator] DEBUG: MUSIC collect: pair (3,1) now 19/35 snapshots
21:57:31 [ghv3_1.spacing_estimator] DEBUG: MUSIC collect: pair (3,1) now 20/35 snapshots
21:57:31 [ghv3_1.spacing_estimator] DEBUG: MUSIC collect: pair (3,1) now 21/35 snapshots
21:57:31 [ghv3_1.spacing_estimator] DEBUG: MUSIC collect: pair (3,1) now 22/35 snapshots
21:57:32 [ghv3_1.spacing_estimator] DEBUG: MUSIC collect: pair (3,1) now 23/35 snapshots
21:57:32 [ghv3_1.spacing_estimator] DEBUG: MUSIC collect: pair (3,1) now 24/35 snapshots
21:57:32 [ghv3_1.spacing_estimator] DEBUG: MUSIC collect: pair (3,1) now 25/35 snapshots
21:57:32 [ghv3_1.spacing_estimator] DEBUG: MUSIC collect: pair (3,1) now 26/35 snapshots
21:57:32 [ghv3_1.spacing_estimator] DEBUG: MUSIC collect: pair (3,1) now 27/35 snapshots
21:57:32 [ghv3_1.spacing_estimator] DEBUG: MUSIC collect: pair (3,1) now 28/35 snapshots
21:57:32 [ghv3_1.spacing_estimator] DEBUG: MUSIC collect: pair (3,1) now 29/35 snapshots
21:57:32 [ghv3_1.spacing_estimator] DEBUG: MUSIC collect: pair (3,1) now 30/35 snapshots
21:57:32 [ghv3_1.spacing_estimator] DEBUG: MUSIC collect: pair (3,1) now 31/35 snapshots
21:57:32 [ghv3_1.spacing_estimator] DEBUG: MUSIC collect: pair (3,1) now 32/35 snapshots
21:57:32 [ghv3_1.spacing_estimator] DEBUG: MUSIC collect: pair (3,1) now 33/35 snapshots
21:57:32 [ghv3_1.spacing_estimator] DEBUG: MUSIC collect: pair (3,1) now 34/35 snapshots
21:57:32 [ghv3_1.spacing_estimator] DEBUG: MUSIC collect: pair (3,1) now 35/35 snapshots
21:57:33 [ghv3_1.spacing_estimator] DEBUG: MUSIC collect: pair (4,1) now 1/35 snapshots
21:57:33 [ghv3_1.spacing_estimator] INFO: Distance 1-4 source changed: none -> rssi (d=1.74 m)
21:57:33 [ghv3_1.spacing_estimator] INFO: Distance 2-4 source changed: none -> rssi (d=2.75 m)
21:57:33 [ghv3_1.spacing_estimator] INFO: Distance 3-4 source changed: none -> rssi (d=1.15 m)
21:57:33 [ghv3_1.spacing_estimator] DEBUG: MUSIC collect: pair (4,1) now 2/35 snapshots
21:57:33 [ghv3_1.spacing_estimator] DEBUG: MUSIC collect: pair (4,1) now 3/35 snapshots
21:57:33 [ghv3_1.spacing_estimator] DEBUG: MUSIC collect: pair (4,1) now 4/35 snapshots
21:57:33 [ghv3_1.spacing_estimator] DEBUG: MUSIC collect: pair (4,1) now 5/35 snapshots
21:57:33 [ghv3_1.spacing_estimator] DEBUG: MUSIC collect: pair (4,1) now 6/35 snapshots
21:57:33 [ghv3_1.spacing_estimator] DEBUG: MUSIC collect: pair (4,1) now 7/35 snapshots
21:57:33 [ghv3_1.spacing_estimator] DEBUG: MUSIC collect: pair (4,1) now 8/35 snapshots
21:57:33 [ghv3_1.spacing_estimator] DEBUG: MUSIC collect: pair (4,1) now 9/35 snapshots
21:57:33 [ghv3_1.spacing_estimator] DEBUG: MUSIC collect: pair (4,1) now 10/35 snapshots
21:57:33 [ghv3_1.spacing_estimator] DEBUG: MUSIC collect: pair (4,1) now 11/35 snapshots
21:57:33 [ghv3_1.spacing_estimator] DEBUG: MUSIC collect: pair (4,1) now 12/35 snapshots
21:57:33 [ghv3_1.spacing_estimator] DEBUG: MUSIC collect: pair (4,1) now 13/35 snapshots
21:57:33 [ghv3_1.spacing_estimator] DEBUG: MUSIC collect: pair (4,1) now 14/35 snapshots
21:57:33 [ghv3_1.spacing_estimator] DEBUG: MUSIC collect: pair (4,1) now 15/35 snapshots
21:57:33 [ghv3_1.spacing_estimator] DEBUG: MUSIC collect: pair (4,1) now 16/35 snapshots
21:57:33 [ghv3_1.spacing_estimator] DEBUG: MUSIC collect: pair (4,1) now 17/35 snapshots
21:57:33 [ghv3_1.spacing_estimator] DEBUG: MUSIC collect: pair (4,1) now 18/35 snapshots
21:57:33 [ghv3_1.spacing_estimator] DEBUG: MUSIC collect: pair (4,1) now 19/35 snapshots
21:57:33 [ghv3_1.spacing_estimator] DEBUG: MUSIC collect: pair (4,1) now 20/35 snapshots
21:57:34 [ghv3_1.spacing_estimator] DEBUG: MUSIC collect: pair (4,1) now 21/35 snapshots
21:57:34 [ghv3_1.spacing_estimator] DEBUG: MUSIC collect: pair (4,1) now 22/35 snapshots
21:57:34 [ghv3_1.spacing_estimator] DEBUG: MUSIC collect: pair (4,1) now 23/35 snapshots
21:57:34 [ghv3_1.spacing_estimator] DEBUG: MUSIC collect: pair (4,1) now 24/35 snapshots
21:57:34 [ghv3_1.spacing_estimator] DEBUG: MUSIC collect: pair (4,1) now 25/35 snapshots
21:57:34 [ghv3_1.spacing_estimator] DEBUG: MUSIC collect: pair (4,1) now 26/35 snapshots
21:57:34 [ghv3_1.spacing_estimator] DEBUG: MUSIC collect: pair (4,1) now 27/35 snapshots
21:57:34 [ghv3_1.spacing_estimator] DEBUG: MUSIC collect: pair (4,1) now 28/35 snapshots
21:57:34 [ghv3_1.spacing_estimator] DEBUG: MUSIC collect: pair (4,1) now 29/35 snapshots
21:57:34 [ghv3_1.spacing_estimator] DEBUG: MUSIC collect: pair (4,1) now 30/35 snapshots
21:57:34 [ghv3_1.spacing_estimator] DEBUG: MUSIC collect: pair (4,1) now 31/35 snapshots
21:57:34 [ghv3_1.spacing_estimator] DEBUG: MUSIC collect: pair (4,1) now 32/35 snapshots
21:57:34 [ghv3_1.spacing_estimator] DEBUG: MUSIC collect: pair (4,1) now 33/35 snapshots
21:57:34 [ghv3_1.spacing_estimator] DEBUG: MUSIC collect: pair (4,1) now 34/35 snapshots
21:57:34 [ghv3_1.spacing_estimator] DEBUG: MUSIC collect: pair (4,1) now 35/35 snapshots
21:57:36 [ghv3_1.spacing_estimator] DEBUG: MUSIC collect: pair (1,2) now 1/35 snapshots
21:57:36 [ghv3_1.spacing_estimator] DEBUG: MUSIC collect: pair (1,2) now 2/35 snapshots
21:57:36 [ghv3_1.spacing_estimator] DEBUG: MUSIC collect: pair (1,2) now 3/35 snapshots
21:57:36 [ghv3_1.spacing_estimator] DEBUG: MUSIC collect: pair (1,2) now 4/35 snapshots
21:57:36 [ghv3_1.spacing_estimator] DEBUG: MUSIC collect: pair (1,2) now 5/35 snapshots
21:57:36 [ghv3_1.spacing_estimator] DEBUG: MUSIC collect: pair (1,2) now 6/35 snapshots
21:57:36 [ghv3_1.spacing_estimator] INFO: Distance 1-2 source changed: none -> rssi (d=4.17 m)
21:57:36 [ghv3_1.spacing_estimator] DEBUG: MUSIC collect: pair (1,2) now 7/35 snapshots
21:57:36 [ghv3_1.spacing_estimator] DEBUG: MUSIC collect: pair (1,2) now 8/35 snapshots
21:57:36 [ghv3_1.spacing_estimator] DEBUG: MUSIC collect: pair (1,2) now 9/35 snapshots
21:57:36 [ghv3_1.spacing_estimator] DEBUG: MUSIC collect: pair (1,2) now 10/35 snapshots
21:57:36 [ghv3_1.spacing_estimator] DEBUG: MUSIC collect: pair (1,2) now 11/35 snapshots
21:57:36 [ghv3_1.spacing_estimator] DEBUG: MUSIC collect: pair (1,2) now 12/35 snapshots
21:57:36 [ghv3_1.spacing_estimator] DEBUG: MUSIC collect: pair (1,2) now 13/35 snapshots
21:57:36 [ghv3_1.spacing_estimator] DEBUG: MUSIC collect: pair (1,2) now 14/35 snapshots
21:57:36 [ghv3_1.spacing_estimator] DEBUG: MUSIC collect: pair (1,2) now 15/35 snapshots
21:57:36 [ghv3_1.spacing_estimator] INFO: MUSIC compute queued: pair (1-2) fwd=15 rev=35
21:57:36 [ghv3_1.spacing_estimator] DEBUG: MUSIC collect: pair (1,2) now 16/35 snapshots
21:57:36 [ghv3_1.spacing_estimator] DEBUG: MUSIC collect: pair (1,2) now 17/35 snapshots
21:57:36 [ghv3_1.spacing_estimator] DEBUG: MUSIC collect: pair (1,2) now 18/35 snapshots
21:57:36 [ghv3_1.spacing_estimator] DEBUG: MUSIC collect: pair (1,2) now 19/35 snapshots
21:57:36 [ghv3_1.spacing_estimator] DEBUG: MUSIC collect: pair (1,2) now 20/35 snapshots
21:57:36 [ghv3_1.spacing_estimator] DEBUG: MUSIC collect: pair (1,2) now 21/35 snapshots
21:57:36 [ghv3_1.spacing_estimator] DEBUG: MUSIC collect: pair (1,2) now 22/35 snapshots
21:57:36 [ghv3_1.spacing_estimator] DEBUG: MUSIC collect: pair (1,2) now 23/35 snapshots
21:57:36 [ghv3_1.spacing_estimator] INFO: MUSIC result: pair (1-2) tau=0.70 ns d=0.21 m
21:57:36 [ghv3_1.spacing_estimator] DEBUG: MUSIC collect: pair (1,2) now 24/35 snapshots
21:57:36 [ghv3_1.spacing_estimator] DEBUG: MUSIC collect: pair (1,2) now 25/35 snapshots
21:57:36 [ghv3_1.spacing_estimator] DEBUG: MUSIC collect: pair (1,2) now 26/35 snapshots
21:57:36 [ghv3_1.spacing_estimator] DEBUG: MUSIC collect: pair (1,2) now 27/35 snapshots
21:57:36 [ghv3_1.spacing_estimator] DEBUG: MUSIC collect: pair (1,2) now 28/35 snapshots
21:57:36 [ghv3_1.spacing_estimator] DEBUG: MUSIC collect: pair (1,2) now 29/35 snapshots
21:57:36 [ghv3_1.spacing_estimator] DEBUG: MUSIC collect: pair (1,2) now 30/35 snapshots
21:57:36 [ghv3_1.spacing_estimator] DEBUG: MUSIC collect: pair (1,2) now 31/35 snapshots
21:57:37 [ghv3_1.spacing_estimator] DEBUG: MUSIC collect: pair (1,2) now 32/35 snapshots
21:57:38 [ghv3_1.spacing_estimator] INFO: Distance 1-2 source changed: rssi -> music (d=0.21 m)
21:57:40 [ghv3_1.spacing_estimator] DEBUG: MUSIC collect: pair (3,2) now 1/35 snapshots
21:57:40 [ghv3_1.spacing_estimator] DEBUG: MUSIC collect: pair (3,2) now 2/35 snapshots
21:57:40 [ghv3_1.spacing_estimator] DEBUG: MUSIC collect: pair (3,2) now 3/35 snapshots
21:57:40 [ghv3_1.spacing_estimator] DEBUG: MUSIC collect: pair (3,2) now 4/35 snapshots
21:57:40 [ghv3_1.spacing_estimator] DEBUG: MUSIC collect: pair (3,2) now 5/35 snapshots
21:57:40 [ghv3_1.spacing_estimator] DEBUG: MUSIC collect: pair (3,2) now 6/35 snapshots
21:57:40 [ghv3_1.spacing_estimator] DEBUG: MUSIC collect: pair (3,2) now 7/35 snapshots
21:57:40 [ghv3_1.spacing_estimator] DEBUG: MUSIC collect: pair (3,2) now 8/35 snapshots
21:57:40 [ghv3_1.spacing_estimator] DEBUG: MUSIC collect: pair (3,2) now 9/35 snapshots
21:57:40 [ghv3_1.spacing_estimator] DEBUG: MUSIC collect: pair (3,2) now 10/35 snapshots
21:57:40 [ghv3_1.spacing_estimator] DEBUG: MUSIC collect: pair (3,2) now 11/35 snapshots
21:57:40 [ghv3_1.spacing_estimator] DEBUG: MUSIC collect: pair (3,2) now 12/35 snapshots
21:57:40 [ghv3_1.spacing_estimator] DEBUG: MUSIC collect: pair (3,2) now 13/35 snapshots
21:57:40 [ghv3_1.spacing_estimator] DEBUG: MUSIC collect: pair (3,2) now 14/35 snapshots
21:57:40 [ghv3_1.spacing_estimator] DEBUG: MUSIC collect: pair (3,2) now 15/35 snapshots
21:57:40 [ghv3_1.spacing_estimator] DEBUG: MUSIC collect: pair (3,2) now 16/35 snapshots
21:57:40 [ghv3_1.spacing_estimator] DEBUG: MUSIC collect: pair (3,2) now 17/35 snapshots
21:57:40 [ghv3_1.spacing_estimator] DEBUG: MUSIC collect: pair (3,2) now 18/35 snapshots
21:57:40 [ghv3_1.spacing_estimator] DEBUG: MUSIC collect: pair (3,2) now 19/35 snapshots
21:57:40 [ghv3_1.spacing_estimator] DEBUG: MUSIC collect: pair (3,2) now 20/35 snapshots
21:57:40 [ghv3_1.spacing_estimator] DEBUG: MUSIC collect: pair (3,2) now 21/35 snapshots
21:57:40 [ghv3_1.spacing_estimator] DEBUG: MUSIC collect: pair (3,2) now 22/35 snapshots
21:57:40 [ghv3_1.spacing_estimator] DEBUG: MUSIC collect: pair (3,2) now 23/35 snapshots
21:57:41 [ghv3_1.spacing_estimator] DEBUG: MUSIC collect: pair (3,2) now 24/35 snapshots
21:57:41 [ghv3_1.spacing_estimator] DEBUG: MUSIC collect: pair (3,2) now 25/35 snapshots
21:57:41 [ghv3_1.spacing_estimator] DEBUG: MUSIC collect: pair (3,2) now 26/35 snapshots
21:57:41 [ghv3_1.spacing_estimator] DEBUG: MUSIC collect: pair (3,2) now 27/35 snapshots
21:57:41 [ghv3_1.spacing_estimator] DEBUG: MUSIC collect: pair (3,2) now 28/35 snapshots
21:57:41 [ghv3_1.spacing_estimator] DEBUG: MUSIC collect: pair (3,2) now 29/35 snapshots
21:57:41 [ghv3_1.spacing_estimator] DEBUG: MUSIC collect: pair (3,2) now 30/35 snapshots
21:57:41 [ghv3_1.spacing_estimator] DEBUG: MUSIC collect: pair (3,2) now 31/35 snapshots
21:57:41 [ghv3_1.spacing_estimator] DEBUG: MUSIC collect: pair (3,2) now 32/35 snapshots
21:57:41 [ghv3_1.spacing_estimator] DEBUG: MUSIC collect: pair (3,2) now 33/35 snapshots
21:57:41 [ghv3_1.spacing_estimator] DEBUG: MUSIC collect: pair (3,2) now 34/35 snapshots
21:57:42 [ghv3_1.spacing_estimator] DEBUG: MUSIC collect: pair (4,2) now 1/35 snapshots
21:57:42 [ghv3_1.spacing_estimator] DEBUG: MUSIC collect: pair (4,2) now 2/35 snapshots
21:57:42 [ghv3_1.spacing_estimator] DEBUG: MUSIC collect: pair (4,2) now 3/35 snapshots
21:57:42 [ghv3_1.spacing_estimator] DEBUG: MUSIC collect: pair (4,2) now 4/35 snapshots
21:57:42 [ghv3_1.spacing_estimator] DEBUG: MUSIC collect: pair (4,2) now 5/35 snapshots
21:57:42 [ghv3_1.spacing_estimator] DEBUG: MUSIC collect: pair (4,2) now 6/35 snapshots
21:57:42 [ghv3_1.spacing_estimator] DEBUG: MUSIC collect: pair (4,2) now 7/35 snapshots
21:57:42 [ghv3_1.spacing_estimator] DEBUG: MUSIC collect: pair (4,2) now 8/35 snapshots
21:57:42 [ghv3_1.spacing_estimator] DEBUG: MUSIC collect: pair (4,2) now 9/35 snapshots
21:57:42 [ghv3_1.spacing_estimator] DEBUG: MUSIC collect: pair (4,2) now 10/35 snapshots
21:57:42 [ghv3_1.spacing_estimator] DEBUG: MUSIC collect: pair (4,2) now 11/35 snapshots
21:57:42 [ghv3_1.spacing_estimator] DEBUG: MUSIC collect: pair (4,2) now 12/35 snapshots
21:57:42 [ghv3_1.spacing_estimator] DEBUG: MUSIC collect: pair (4,2) now 13/35 snapshots
21:57:42 [ghv3_1.spacing_estimator] DEBUG: MUSIC collect: pair (4,2) now 14/35 snapshots
21:57:42 [ghv3_1.spacing_estimator] DEBUG: MUSIC collect: pair (4,2) now 15/35 snapshots
21:57:42 [ghv3_1.spacing_estimator] DEBUG: MUSIC collect: pair (4,2) now 16/35 snapshots
21:57:42 [ghv3_1.spacing_estimator] DEBUG: MUSIC collect: pair (4,2) now 17/35 snapshots
21:57:42 [ghv3_1.spacing_estimator] DEBUG: MUSIC collect: pair (4,2) now 18/35 snapshots
21:57:42 [ghv3_1.spacing_estimator] DEBUG: MUSIC collect: pair (4,2) now 19/35 snapshots
21:57:42 [ghv3_1.spacing_estimator] DEBUG: MUSIC collect: pair (4,2) now 20/35 snapshots
21:57:43 [ghv3_1.spacing_estimator] DEBUG: MUSIC collect: pair (4,2) now 21/35 snapshots
21:57:43 [ghv3_1.spacing_estimator] DEBUG: MUSIC collect: pair (4,2) now 22/35 snapshots
21:57:43 [ghv3_1.spacing_estimator] DEBUG: MUSIC collect: pair (4,2) now 23/35 snapshots
21:57:43 [ghv3_1.spacing_estimator] DEBUG: MUSIC collect: pair (4,2) now 24/35 snapshots
21:57:43 [ghv3_1.spacing_estimator] DEBUG: MUSIC collect: pair (4,2) now 25/35 snapshots
21:57:43 [ghv3_1.spacing_estimator] DEBUG: MUSIC collect: pair (4,2) now 26/35 snapshots
21:57:43 [ghv3_1.spacing_estimator] DEBUG: MUSIC collect: pair (4,2) now 27/35 snapshots
21:57:43 [ghv3_1.spacing_estimator] DEBUG: MUSIC collect: pair (4,2) now 28/35 snapshots
21:57:43 [ghv3_1.spacing_estimator] DEBUG: MUSIC collect: pair (4,2) now 29/35 snapshots
21:57:43 [ghv3_1.spacing_estimator] DEBUG: MUSIC collect: pair (4,2) now 30/35 snapshots
21:57:43 [ghv3_1.spacing_estimator] DEBUG: MUSIC collect: pair (4,2) now 31/35 snapshots
21:57:43 [ghv3_1.spacing_estimator] DEBUG: MUSIC collect: pair (4,2) now 32/35 snapshots
21:57:43 [ghv3_1.spacing_estimator] DEBUG: MUSIC collect: pair (4,2) now 33/35 snapshots
21:57:43 [ghv3_1.spacing_estimator] DEBUG: MUSIC collect: pair (4,2) now 34/35 snapshots
21:57:45 [ghv3_1.spacing_estimator] DEBUG: MUSIC collect: pair (1,3) now 1/35 snapshots
21:57:45 [ghv3_1.spacing_estimator] DEBUG: MUSIC collect: pair (1,3) now 2/35 snapshots
21:57:45 [ghv3_1.spacing_estimator] DEBUG: MUSIC collect: pair (1,3) now 3/35 snapshots
21:57:45 [ghv3_1.spacing_estimator] DEBUG: MUSIC collect: pair (1,3) now 4/35 snapshots
21:57:45 [ghv3_1.spacing_estimator] DEBUG: MUSIC collect: pair (1,3) now 5/35 snapshots
21:57:45 [ghv3_1.spacing_estimator] DEBUG: MUSIC collect: pair (1,3) now 6/35 snapshots
21:57:45 [ghv3_1.spacing_estimator] DEBUG: MUSIC collect: pair (1,3) now 7/35 snapshots
21:57:45 [ghv3_1.spacing_estimator] DEBUG: MUSIC collect: pair (1,3) now 8/35 snapshots
21:57:45 [ghv3_1.spacing_estimator] DEBUG: MUSIC collect: pair (1,3) now 9/35 snapshots
21:57:45 [ghv3_1.spacing_estimator] DEBUG: MUSIC collect: pair (1,3) now 10/35 snapshots
21:57:45 [ghv3_1.spacing_estimator] DEBUG: MUSIC collect: pair (1,3) now 11/35 snapshots
21:57:45 [ghv3_1.spacing_estimator] DEBUG: MUSIC collect: pair (1,3) now 12/35 snapshots
21:57:45 [ghv3_1.spacing_estimator] DEBUG: MUSIC collect: pair (1,3) now 13/35 snapshots
21:57:45 [ghv3_1.spacing_estimator] DEBUG: MUSIC collect: pair (1,3) now 14/35 snapshots
21:57:45 [ghv3_1.spacing_estimator] DEBUG: MUSIC collect: pair (1,3) now 15/35 snapshots
21:57:45 [ghv3_1.spacing_estimator] INFO: MUSIC compute queued: pair (1-3) fwd=15 rev=35
21:57:45 [ghv3_1.spacing_estimator] DEBUG: MUSIC collect: pair (1,3) now 16/35 snapshots
21:57:45 [ghv3_1.spacing_estimator] DEBUG: MUSIC collect: pair (1,3) now 17/35 snapshots
21:57:45 [ghv3_1.spacing_estimator] DEBUG: MUSIC collect: pair (1,3) now 18/35 snapshots
21:57:45 [ghv3_1.spacing_estimator] DEBUG: MUSIC collect: pair (1,3) now 19/35 snapshots
21:57:45 [ghv3_1.spacing_estimator] WARNING: MUSIC failed: pair (1-3) tau_ij=None
21:57:45 [ghv3_1.spacing_estimator] DEBUG: MUSIC collect: pair (1,3) now 20/35 snapshots
21:57:45 [ghv3_1.spacing_estimator] DEBUG: MUSIC collect: pair (1,3) now 21/35 snapshots
21:57:45 [ghv3_1.spacing_estimator] DEBUG: MUSIC collect: pair (1,3) now 22/35 snapshots
21:57:45 [ghv3_1.spacing_estimator] DEBUG: MUSIC collect: pair (1,3) now 23/35 snapshots
21:57:45 [ghv3_1.spacing_estimator] DEBUG: MUSIC collect: pair (1,3) now 24/35 snapshots
21:57:45 [ghv3_1.spacing_estimator] DEBUG: MUSIC collect: pair (1,3) now 25/35 snapshots
21:57:45 [ghv3_1.spacing_estimator] DEBUG: MUSIC collect: pair (1,3) now 26/35 snapshots
21:57:45 [ghv3_1.spacing_estimator] DEBUG: MUSIC collect: pair (1,3) now 27/35 snapshots
21:57:46 [ghv3_1.spacing_estimator] DEBUG: MUSIC collect: pair (1,3) now 28/35 snapshots
21:57:46 [ghv3_1.spacing_estimator] DEBUG: MUSIC collect: pair (1,3) now 29/35 snapshots
21:57:46 [ghv3_1.spacing_estimator] DEBUG: MUSIC collect: pair (1,3) now 30/35 snapshots
21:57:46 [ghv3_1.spacing_estimator] DEBUG: MUSIC collect: pair (1,3) now 31/35 snapshots
21:57:46 [ghv3_1.spacing_estimator] DEBUG: MUSIC collect: pair (1,3) now 32/35 snapshots
21:57:46 [ghv3_1.spacing_estimator] DEBUG: MUSIC collect: pair (1,3) now 33/35 snapshots
21:57:46 [ghv3_1.spacing_estimator] DEBUG: MUSIC collect: pair (1,3) now 34/35 snapshots
21:57:46 [ghv3_1.spacing_estimator] DEBUG: MUSIC collect: pair (1,3) now 35/35 snapshots
21:57:47 [ghv3_1.spacing_estimator] DEBUG: MUSIC collect: pair (2,3) now 1/35 snapshots
21:57:47 [ghv3_1.spacing_estimator] DEBUG: MUSIC collect: pair (2,3) now 2/35 snapshots
21:57:47 [ghv3_1.spacing_estimator] DEBUG: MUSIC collect: pair (2,3) now 3/35 snapshots
21:57:47 [ghv3_1.spacing_estimator] DEBUG: MUSIC collect: pair (2,3) now 4/35 snapshots
21:57:47 [ghv3_1.spacing_estimator] DEBUG: MUSIC collect: pair (2,3) now 5/35 snapshots
21:57:47 [ghv3_1.spacing_estimator] DEBUG: MUSIC collect: pair (2,3) now 6/35 snapshots
21:57:47 [ghv3_1.spacing_estimator] DEBUG: MUSIC collect: pair (2,3) now 7/35 snapshots
21:57:47 [ghv3_1.spacing_estimator] DEBUG: MUSIC collect: pair (2,3) now 8/35 snapshots
21:57:47 [ghv3_1.spacing_estimator] DEBUG: MUSIC collect: pair (2,3) now 9/35 snapshots
21:57:47 [ghv3_1.spacing_estimator] DEBUG: MUSIC collect: pair (2,3) now 10/35 snapshots
21:57:47 [ghv3_1.spacing_estimator] DEBUG: MUSIC collect: pair (2,3) now 11/35 snapshots
21:57:47 [ghv3_1.spacing_estimator] DEBUG: MUSIC collect: pair (2,3) now 12/35 snapshots
21:57:47 [ghv3_1.spacing_estimator] DEBUG: MUSIC collect: pair (2,3) now 13/35 snapshots
21:57:47 [ghv3_1.spacing_estimator] DEBUG: MUSIC collect: pair (2,3) now 14/35 snapshots
21:57:47 [ghv3_1.spacing_estimator] DEBUG: MUSIC collect: pair (2,3) now 15/35 snapshots
21:57:47 [ghv3_1.spacing_estimator] INFO: MUSIC compute queued: pair (2-3) fwd=15 rev=34
21:57:47 [ghv3_1.spacing_estimator] DEBUG: MUSIC collect: pair (2,3) now 16/35 snapshots
21:57:47 [ghv3_1.spacing_estimator] DEBUG: MUSIC collect: pair (2,3) now 17/35 snapshots
21:57:47 [ghv3_1.spacing_estimator] DEBUG: MUSIC collect: pair (2,3) now 18/35 snapshots
21:57:47 [ghv3_1.spacing_estimator] DEBUG: MUSIC collect: pair (2,3) now 19/35 snapshots
21:57:47 [ghv3_1.spacing_estimator] INFO: MUSIC result: pair (2-3) tau=1.40 ns d=0.42 m
21:57:47 [ghv3_1.spacing_estimator] DEBUG: MUSIC collect: pair (2,3) now 20/35 snapshots
21:57:47 [ghv3_1.spacing_estimator] DEBUG: MUSIC collect: pair (2,3) now 21/35 snapshots
21:57:47 [ghv3_1.spacing_estimator] DEBUG: MUSIC collect: pair (2,3) now 22/35 snapshots
21:57:47 [ghv3_1.spacing_estimator] DEBUG: MUSIC collect: pair (2,3) now 23/35 snapshots
21:57:47 [ghv3_1.spacing_estimator] DEBUG: MUSIC collect: pair (2,3) now 24/35 snapshots
21:57:47 [ghv3_1.spacing_estimator] DEBUG: MUSIC collect: pair (2,3) now 25/35 snapshots
21:57:47 [ghv3_1.spacing_estimator] DEBUG: MUSIC collect: pair (2,3) now 26/35 snapshots
21:57:48 [ghv3_1.spacing_estimator] DEBUG: MUSIC collect: pair (2,3) now 27/35 snapshots
21:57:48 [ghv3_1.spacing_estimator] DEBUG: MUSIC collect: pair (2,3) now 28/35 snapshots
21:57:48 [ghv3_1.spacing_estimator] DEBUG: MUSIC collect: pair (2,3) now 29/35 snapshots
21:57:48 [ghv3_1.spacing_estimator] DEBUG: MUSIC collect: pair (2,3) now 30/35 snapshots
21:57:48 [ghv3_1.spacing_estimator] DEBUG: MUSIC collect: pair (2,3) now 31/35 snapshots
21:57:48 [ghv3_1.spacing_estimator] DEBUG: MUSIC collect: pair (2,3) now 32/35 snapshots
21:57:48 [ghv3_1.spacing_estimator] DEBUG: MUSIC collect: pair (2,3) now 33/35 snapshots
21:57:48 [ghv3_1.spacing_estimator] DEBUG: MUSIC collect: pair (2,3) now 34/35 snapshots
21:57:48 [ghv3_1.spacing_estimator] DEBUG: MUSIC collect: pair (2,3) now 35/35 snapshots
21:57:49 [ghv3_1.spacing_estimator] INFO: Distance 2-3 source changed: rssi -> music (d=0.42 m)
21:57:51 [ghv3_1.spacing_estimator] DEBUG: MUSIC collect: pair (4,3) now 1/35 snapshots
21:57:51 [ghv3_1.spacing_estimator] DEBUG: MUSIC collect: pair (4,3) now 2/35 snapshots
21:57:51 [ghv3_1.spacing_estimator] DEBUG: MUSIC collect: pair (4,3) now 3/35 snapshots
21:57:51 [ghv3_1.spacing_estimator] DEBUG: MUSIC collect: pair (4,3) now 4/35 snapshots
21:57:51 [ghv3_1.spacing_estimator] DEBUG: MUSIC collect: pair (4,3) now 5/35 snapshots
21:57:51 [ghv3_1.spacing_estimator] DEBUG: MUSIC collect: pair (4,3) now 6/35 snapshots
21:57:51 [ghv3_1.spacing_estimator] DEBUG: MUSIC collect: pair (4,3) now 7/35 snapshots
21:57:51 [ghv3_1.spacing_estimator] DEBUG: MUSIC collect: pair (4,3) now 8/35 snapshots
21:57:51 [ghv3_1.spacing_estimator] DEBUG: MUSIC collect: pair (4,3) now 9/35 snapshots
21:57:51 [ghv3_1.spacing_estimator] DEBUG: MUSIC collect: pair (4,3) now 10/35 snapshots
21:57:51 [ghv3_1.spacing_estimator] DEBUG: MUSIC collect: pair (4,3) now 11/35 snapshots
21:57:51 [ghv3_1.spacing_estimator] DEBUG: MUSIC collect: pair (4,3) now 12/35 snapshots
21:57:51 [ghv3_1.spacing_estimator] DEBUG: MUSIC collect: pair (4,3) now 13/35 snapshots
21:57:51 [ghv3_1.spacing_estimator] DEBUG: MUSIC collect: pair (4,3) now 14/35 snapshots
21:57:51 [ghv3_1.spacing_estimator] DEBUG: MUSIC collect: pair (4,3) now 15/35 snapshots
21:57:51 [ghv3_1.spacing_estimator] DEBUG: MUSIC collect: pair (4,3) now 16/35 snapshots
21:57:51 [ghv3_1.spacing_estimator] DEBUG: MUSIC collect: pair (4,3) now 17/35 snapshots
21:57:51 [ghv3_1.spacing_estimator] DEBUG: MUSIC collect: pair (4,3) now 18/35 snapshots
21:57:51 [ghv3_1.spacing_estimator] DEBUG: MUSIC collect: pair (4,3) now 19/35 snapshots
21:57:51 [ghv3_1.spacing_estimator] DEBUG: MUSIC collect: pair (4,3) now 20/35 snapshots
21:57:51 [ghv3_1.spacing_estimator] DEBUG: MUSIC collect: pair (4,3) now 21/35 snapshots
21:57:52 [ghv3_1.spacing_estimator] DEBUG: MUSIC collect: pair (4,3) now 22/35 snapshots
21:57:52 [ghv3_1.spacing_estimator] DEBUG: MUSIC collect: pair (4,3) now 23/35 snapshots
21:57:52 [ghv3_1.spacing_estimator] DEBUG: MUSIC collect: pair (4,3) now 24/35 snapshots
21:57:52 [ghv3_1.spacing_estimator] DEBUG: MUSIC collect: pair (4,3) now 25/35 snapshots
21:57:52 [ghv3_1.spacing_estimator] DEBUG: MUSIC collect: pair (4,3) now 26/35 snapshots
21:57:52 [ghv3_1.spacing_estimator] DEBUG: MUSIC collect: pair (4,3) now 27/35 snapshots
21:57:52 [ghv3_1.spacing_estimator] DEBUG: MUSIC collect: pair (4,3) now 28/35 snapshots
21:57:52 [ghv3_1.spacing_estimator] DEBUG: MUSIC collect: pair (4,3) now 29/35 snapshots
21:57:52 [ghv3_1.spacing_estimator] DEBUG: MUSIC collect: pair (4,3) now 30/35 snapshots
21:57:52 [ghv3_1.spacing_estimator] DEBUG: MUSIC collect: pair (4,3) now 31/35 snapshots
21:57:52 [ghv3_1.spacing_estimator] DEBUG: MUSIC collect: pair (4,3) now 32/35 snapshots
21:57:52 [ghv3_1.spacing_estimator] DEBUG: MUSIC collect: pair (4,3) now 33/35 snapshots
21:57:52 [ghv3_1.spacing_estimator] DEBUG: MUSIC collect: pair (4,3) now 34/35 snapshots
21:57:52 [ghv3_1.spacing_estimator] DEBUG: MUSIC collect: pair (4,3) now 35/35 snapshots
21:57:54 [ghv3_1.spacing_estimator] DEBUG: MUSIC collect: pair (1,4) now 1/35 snapshots
21:57:54 [ghv3_1.spacing_estimator] DEBUG: MUSIC collect: pair (1,4) now 2/35 snapshots
21:57:54 [ghv3_1.spacing_estimator] DEBUG: MUSIC collect: pair (1,4) now 3/35 snapshots
21:57:54 [ghv3_1.spacing_estimator] DEBUG: MUSIC collect: pair (1,4) now 4/35 snapshots
21:57:54 [ghv3_1.spacing_estimator] DEBUG: MUSIC collect: pair (1,4) now 5/35 snapshots
21:57:54 [ghv3_1.spacing_estimator] DEBUG: MUSIC collect: pair (1,4) now 6/35 snapshots
21:57:54 [ghv3_1.spacing_estimator] DEBUG: MUSIC collect: pair (1,4) now 7/35 snapshots
21:57:54 [ghv3_1.spacing_estimator] DEBUG: MUSIC collect: pair (1,4) now 8/35 snapshots
21:57:54 [ghv3_1.spacing_estimator] DEBUG: MUSIC collect: pair (1,4) now 9/35 snapshots
21:57:54 [ghv3_1.spacing_estimator] DEBUG: MUSIC collect: pair (1,4) now 10/35 snapshots
21:57:54 [ghv3_1.spacing_estimator] DEBUG: MUSIC collect: pair (1,4) now 11/35 snapshots
21:57:54 [ghv3_1.spacing_estimator] DEBUG: MUSIC collect: pair (1,4) now 12/35 snapshots
21:57:54 [ghv3_1.spacing_estimator] DEBUG: MUSIC collect: pair (1,4) now 13/35 snapshots
21:57:54 [ghv3_1.spacing_estimator] DEBUG: MUSIC collect: pair (1,4) now 14/35 snapshots
21:57:54 [ghv3_1.spacing_estimator] DEBUG: MUSIC collect: pair (1,4) now 15/35 snapshots
21:57:54 [ghv3_1.spacing_estimator] INFO: MUSIC compute queued: pair (1-4) fwd=15 rev=35
21:57:54 [ghv3_1.spacing_estimator] DEBUG: MUSIC collect: pair (1,4) now 16/35 snapshots
21:57:54 [ghv3_1.spacing_estimator] DEBUG: MUSIC collect: pair (1,4) now 17/35 snapshots
21:57:54 [ghv3_1.spacing_estimator] DEBUG: MUSIC collect: pair (1,4) now 18/35 snapshots
21:57:54 [ghv3_1.spacing_estimator] DEBUG: MUSIC collect: pair (1,4) now 19/35 snapshots
21:57:54 [ghv3_1.spacing_estimator] DEBUG: MUSIC collect: pair (1,4) now 20/35 snapshots
21:57:54 [ghv3_1.spacing_estimator] DEBUG: MUSIC collect: pair (1,4) now 21/35 snapshots
21:57:54 [ghv3_1.spacing_estimator] INFO: MUSIC result: pair (1-4) tau=7.71 ns d=2.31 m
21:57:54 [ghv3_1.spacing_estimator] DEBUG: MUSIC collect: pair (1,4) now 22/35 snapshots
21:57:54 [ghv3_1.spacing_estimator] DEBUG: MUSIC collect: pair (1,4) now 23/35 snapshots
21:57:54 [ghv3_1.spacing_estimator] DEBUG: MUSIC collect: pair (1,4) now 24/35 snapshots
21:57:54 [ghv3_1.spacing_estimator] DEBUG: MUSIC collect: pair (1,4) now 25/35 snapshots
21:57:54 [ghv3_1.spacing_estimator] DEBUG: MUSIC collect: pair (1,4) now 26/35 snapshots
21:57:54 [ghv3_1.spacing_estimator] DEBUG: MUSIC collect: pair (1,4) now 27/35 snapshots
21:57:54 [ghv3_1.spacing_estimator] DEBUG: MUSIC collect: pair (1,4) now 28/35 snapshots
21:57:55 [ghv3_1.spacing_estimator] DEBUG: MUSIC collect: pair (1,4) now 29/35 snapshots
21:57:55 [ghv3_1.spacing_estimator] DEBUG: MUSIC collect: pair (1,4) now 30/35 snapshots
21:57:55 [ghv3_1.spacing_estimator] DEBUG: MUSIC collect: pair (1,4) now 31/35 snapshots
21:57:55 [ghv3_1.spacing_estimator] DEBUG: MUSIC collect: pair (1,4) now 32/35 snapshots
21:57:55 [ghv3_1.spacing_estimator] DEBUG: MUSIC collect: pair (1,4) now 33/35 snapshots
21:57:55 [ghv3_1.spacing_estimator] DEBUG: MUSIC collect: pair (1,4) now 34/35 snapshots
21:57:55 [ghv3_1.spacing_estimator] DEBUG: MUSIC collect: pair (1,4) now 35/35 snapshots
21:57:56 [ghv3_1.spacing_estimator] DEBUG: MUSIC collect: pair (2,4) now 1/35 snapshots
21:57:56 [ghv3_1.spacing_estimator] DEBUG: MUSIC collect: pair (2,4) now 2/35 snapshots
21:57:56 [ghv3_1.spacing_estimator] DEBUG: MUSIC collect: pair (2,4) now 3/35 snapshots
21:57:56 [ghv3_1.spacing_estimator] DEBUG: MUSIC collect: pair (2,4) now 4/35 snapshots
21:57:56 [ghv3_1.spacing_estimator] DEBUG: MUSIC collect: pair (2,4) now 5/35 snapshots
21:57:56 [ghv3_1.spacing_estimator] DEBUG: MUSIC collect: pair (2,4) now 6/35 snapshots
21:57:56 [ghv3_1.spacing_estimator] INFO: Distance 1-4 source changed: rssi -> music (d=2.31 m)
21:57:56 [ghv3_1.spacing_estimator] DEBUG: MUSIC collect: pair (2,4) now 7/35 snapshots
21:57:56 [ghv3_1.spacing_estimator] DEBUG: MUSIC collect: pair (2,4) now 8/35 snapshots
21:57:56 [ghv3_1.spacing_estimator] DEBUG: MUSIC collect: pair (2,4) now 9/35 snapshots
21:57:56 [ghv3_1.spacing_estimator] DEBUG: MUSIC collect: pair (2,4) now 10/35 snapshots
21:57:56 [ghv3_1.spacing_estimator] DEBUG: MUSIC collect: pair (2,4) now 11/35 snapshots
21:57:56 [ghv3_1.spacing_estimator] DEBUG: MUSIC collect: pair (2,4) now 12/35 snapshots
21:57:56 [ghv3_1.spacing_estimator] DEBUG: MUSIC collect: pair (2,4) now 13/35 snapshots
21:57:56 [ghv3_1.spacing_estimator] DEBUG: MUSIC collect: pair (2,4) now 14/35 snapshots
21:57:56 [ghv3_1.spacing_estimator] DEBUG: MUSIC collect: pair (2,4) now 15/35 snapshots
21:57:56 [ghv3_1.spacing_estimator] INFO: MUSIC compute queued: pair (2-4) fwd=15 rev=34
21:57:56 [ghv3_1.spacing_estimator] INFO: MUSIC result: pair (2-4) tau=7.91 ns d=2.37 m
21:57:56 [ghv3_1.spacing_estimator] DEBUG: MUSIC collect: pair (2,4) now 16/35 snapshots
21:57:56 [ghv3_1.spacing_estimator] DEBUG: MUSIC collect: pair (2,4) now 17/35 snapshots
21:57:56 [ghv3_1.spacing_estimator] DEBUG: MUSIC collect: pair (2,4) now 18/35 snapshots
21:57:56 [ghv3_1.spacing_estimator] DEBUG: MUSIC collect: pair (2,4) now 19/35 snapshots
21:57:56 [ghv3_1.spacing_estimator] DEBUG: MUSIC collect: pair (2,4) now 20/35 snapshots
21:57:56 [ghv3_1.spacing_estimator] DEBUG: MUSIC collect: pair (2,4) now 21/35 snapshots
21:57:56 [ghv3_1.spacing_estimator] DEBUG: MUSIC collect: pair (2,4) now 22/35 snapshots
21:57:57 [ghv3_1.spacing_estimator] DEBUG: MUSIC collect: pair (2,4) now 23/35 snapshots
21:57:57 [ghv3_1.spacing_estimator] DEBUG: MUSIC collect: pair (2,4) now 24/35 snapshots
21:57:57 [ghv3_1.spacing_estimator] DEBUG: MUSIC collect: pair (2,4) now 25/35 snapshots
21:57:57 [ghv3_1.spacing_estimator] DEBUG: MUSIC collect: pair (2,4) now 26/35 snapshots
21:57:57 [ghv3_1.spacing_estimator] DEBUG: MUSIC collect: pair (2,4) now 27/35 snapshots
21:57:57 [ghv3_1.spacing_estimator] DEBUG: MUSIC collect: pair (2,4) now 28/35 snapshots
21:57:57 [ghv3_1.spacing_estimator] DEBUG: MUSIC collect: pair (2,4) now 29/35 snapshots
21:57:57 [ghv3_1.spacing_estimator] DEBUG: MUSIC collect: pair (2,4) now 30/35 snapshots
21:57:57 [ghv3_1.spacing_estimator] DEBUG: MUSIC collect: pair (2,4) now 31/35 snapshots
21:57:57 [ghv3_1.spacing_estimator] DEBUG: MUSIC collect: pair (2,4) now 32/35 snapshots
21:57:57 [ghv3_1.spacing_estimator] DEBUG: MUSIC collect: pair (2,4) now 33/35 snapshots
21:57:57 [ghv3_1.spacing_estimator] DEBUG: MUSIC collect: pair (2,4) now 34/35 snapshots
21:57:57 [ghv3_1.spacing_estimator] DEBUG: MUSIC collect: pair (2,4) now 35/35 snapshots
21:57:58 [ghv3_1.spacing_estimator] DEBUG: MUSIC collect: pair (3,4) now 1/35 snapshots
21:57:58 [ghv3_1.spacing_estimator] INFO: Distance 2-4 source changed: rssi -> music (d=2.37 m)
21:57:58 [ghv3_1.spacing_estimator] DEBUG: MUSIC collect: pair (3,4) now 2/35 snapshots
21:57:58 [ghv3_1.spacing_estimator] DEBUG: MUSIC collect: pair (3,4) now 3/35 snapshots
21:57:58 [ghv3_1.spacing_estimator] DEBUG: MUSIC collect: pair (3,4) now 4/35 snapshots
21:57:58 [ghv3_1.spacing_estimator] DEBUG: MUSIC collect: pair (3,4) now 5/35 snapshots
21:57:58 [ghv3_1.spacing_estimator] DEBUG: MUSIC collect: pair (3,4) now 6/35 snapshots
21:57:58 [ghv3_1.spacing_estimator] DEBUG: MUSIC collect: pair (3,4) now 7/35 snapshots
21:57:58 [ghv3_1.spacing_estimator] DEBUG: MUSIC collect: pair (3,4) now 8/35 snapshots
21:57:58 [ghv3_1.spacing_estimator] DEBUG: MUSIC collect: pair (3,4) now 9/35 snapshots
21:57:58 [ghv3_1.spacing_estimator] DEBUG: MUSIC collect: pair (3,4) now 10/35 snapshots
21:57:58 [ghv3_1.spacing_estimator] DEBUG: MUSIC collect: pair (3,4) now 11/35 snapshots
21:57:58 [ghv3_1.spacing_estimator] DEBUG: MUSIC collect: pair (3,4) now 12/35 snapshots
21:57:58 [ghv3_1.spacing_estimator] DEBUG: MUSIC collect: pair (3,4) now 13/35 snapshots
21:57:58 [ghv3_1.spacing_estimator] DEBUG: MUSIC collect: pair (3,4) now 14/35 snapshots
21:57:58 [ghv3_1.spacing_estimator] DEBUG: MUSIC collect: pair (3,4) now 15/35 snapshots
21:57:58 [ghv3_1.spacing_estimator] INFO: MUSIC compute queued: pair (3-4) fwd=15 rev=35
21:57:58 [ghv3_1.spacing_estimator] DEBUG: MUSIC collect: pair (3,4) now 16/35 snapshots
21:57:58 [ghv3_1.spacing_estimator] DEBUG: MUSIC collect: pair (3,4) now 17/35 snapshots
21:57:58 [ghv3_1.spacing_estimator] DEBUG: MUSIC collect: pair (3,4) now 18/35 snapshots
21:57:58 [ghv3_1.spacing_estimator] DEBUG: MUSIC collect: pair (3,4) now 19/35 snapshots
21:57:58 [ghv3_1.spacing_estimator] DEBUG: MUSIC collect: pair (3,4) now 20/35 snapshots
21:57:58 [ghv3_1.spacing_estimator] DEBUG: MUSIC collect: pair (3,4) now 21/35 snapshots
21:57:59 [ghv3_1.spacing_estimator] INFO: MUSIC result: pair (3-4) tau=11.21 ns d=3.36 m
21:57:59 [ghv3_1.spacing_estimator] DEBUG: MUSIC collect: pair (3,4) now 22/35 snapshots
21:57:59 [ghv3_1.spacing_estimator] DEBUG: MUSIC collect: pair (3,4) now 23/35 snapshots
21:57:59 [ghv3_1.spacing_estimator] DEBUG: MUSIC collect: pair (3,4) now 24/35 snapshots
21:57:59 [ghv3_1.spacing_estimator] DEBUG: MUSIC collect: pair (3,4) now 25/35 snapshots
21:57:59 [ghv3_1.spacing_estimator] DEBUG: MUSIC collect: pair (3,4) now 26/35 snapshots
21:57:59 [ghv3_1.spacing_estimator] DEBUG: MUSIC collect: pair (3,4) now 27/35 snapshots
21:57:59 [ghv3_1.spacing_estimator] DEBUG: MUSIC collect: pair (3,4) now 28/35 snapshots
21:57:59 [ghv3_1.spacing_estimator] DEBUG: MUSIC collect: pair (3,4) now 29/35 snapshots
21:57:59 [ghv3_1.spacing_estimator] DEBUG: MUSIC collect: pair (3,4) now 30/35 snapshots
21:57:59 [ghv3_1.spacing_estimator] DEBUG: MUSIC collect: pair (3,4) now 31/35 snapshots
21:57:59 [ghv3_1.spacing_estimator] DEBUG: MUSIC collect: pair (3,4) now 32/35 snapshots
21:57:59 [ghv3_1.spacing_estimator] DEBUG: MUSIC collect: pair (3,4) now 33/35 snapshots
21:57:59 [ghv3_1.spacing_estimator] DEBUG: MUSIC collect: pair (3,4) now 34/35 snapshots
21:57:59 [ghv3_1.spacing_estimator] DEBUG: MUSIC collect: pair (3,4) now 35/35 snapshots
21:58:00 [ghv3_1.spacing_estimator] INFO: Distance 3-4 source changed: rssi -> music (d=3.36 m)
